f:\alon\code\morerollers\morerollers\debug\morerollers.pch
f:\alon\code\morerollers\morerollers\debug\vc120.pdb
f:\alon\code\morerollers\morerollers\debug\vc120.idb
f:\alon\code\morerollers\morerollers\debug\stdafx.obj
f:\alon\code\morerollers\morerollers\debug\collision.obj
f:\alon\code\morerollers\morerollers\debug\log.obj
f:\alon\code\morerollers\morerollers\debug\neighbor.obj
f:\alon\code\morerollers\morerollers\debug\parameters.obj
f:\alon\code\morerollers\morerollers\debug\profiler.obj
f:\alon\code\morerollers\morerollers\debug\random.obj
f:\alon\code\morerollers\morerollers\debug\roller.obj
f:\alon\code\morerollers\morerollers\debug\utils.obj
f:\alon\code\morerollers\debug\morerollers.ilk
f:\alon\code\morerollers\debug\morerollers.exe
f:\alon\code\morerollers\debug\morerollers.pdb
f:\alon\code\morerollers\morerollers\debug\morerollers.tlog\cl.command.1.tlog
f:\alon\code\morerollers\morerollers\debug\morerollers.tlog\cl.read.1.tlog
f:\alon\code\morerollers\morerollers\debug\morerollers.tlog\cl.write.1.tlog
f:\alon\code\morerollers\morerollers\debug\morerollers.tlog\link.command.1.tlog
f:\alon\code\morerollers\morerollers\debug\morerollers.tlog\link.read.1.tlog
f:\alon\code\morerollers\morerollers\debug\morerollers.tlog\link.write.1.tlog
